# JRE version: OpenJDK Runtime Environment (11.0.13) (build 11.0.13+0-b1751.21-8125866)
# Java VM: OpenJDK 64-Bit Server VM (11.0.13+0-b1751.21-8125866, mixed mode, tiered, compressed oops, g1 gc, windows-amd64)
Heap:
 garbage-first heap   total 129024K, used 59564K [0x0000000080000000, 0x0000000100000000)
  region size 1024K, 33 young (33792K), 4 survivors (4096K)
 Metaspace       used 47743K, capacity 48976K, committed 49232K, reserved 1091584K
  class space    used 6067K, capacity 6562K, committed 6656K, reserved 1048576K
GC Heap History (14 events):
Event: 1.075 GC heap before
{Heap before GC invocations=0 (full 0):
 garbage-first heap   total 129024K, used 29696K [0x0000000080000000, 0x0000000100000000)
  region size 1024K, 24 young (24576K), 0 survivors (0K)
 Metaspace       used 10141K, capacity 10327K, committed 10624K, reserved 1058816K
  class space    used 1037K, capacity 1106K, committed 1152K, reserved 1048576K
}
Event: 1.081 GC heap after
{Heap after GC invocations=1 (full 0):
 garbage-first heap   total 129024K, used 9214K [0x0000000080000000, 0x0000000100000000)
  region size 1024K, 3 young (3072K), 3 survivors (3072K)
 Metaspace       used 10141K, capacity 10327K, committed 10624K, reserved 1058816K
  class space    used 1037K, capacity 1106K, committed 1152K, reserved 1048576K
}
Event: 3.325 GC heap before
{Heap before GC invocations=1 (full 0):
 garbage-first heap   total 129024K, used 82942K [0x0000000080000000, 0x0000000100000000)
  region size 1024K, 75 young (76800K), 3 survivors (3072K)
 Metaspace       used 17313K, capacity 17695K, committed 17792K, reserved 1064960K
  class space    used 1991K, capacity 2137K, committed 2176K, reserved 1048576K
}
Event: 3.355 GC heap after
{Heap after GC invocations=2 (full 0):
 garbage-first heap   total 129024K, used 15894K [0x0000000080000000, 0x0000000100000000)
  region size 1024K, 10 young (10240K), 10 survivors (10240K)
 Metaspace       used 17313K, capacity 17695K, committed 17792K, reserved 1064960K
  class space    used 1991K, capacity 2137K, committed 2176K, reserved 1048576K
}
Event: 4.043 GC heap before
{Heap before GC invocations=2 (full 0):
 garbage-first heap   total 129024K, used 49686K [0x0000000080000000, 0x0000000100000000)
  region size 1024K, 44 young (45056K), 10 survivors (10240K)
 Metaspace       used 20809K, capacity 21191K, committed 21296K, reserved 1069056K
  class space    used 2533K, capacity 2686K, committed 2688K, reserved 1048576K
}
Event: 4.052 GC heap after
{Heap after GC invocations=3 (full 0):
 garbage-first heap   total 129024K, used 17268K [0x0000000080000000, 0x0000000100000000)
  region size 1024K, 2 young (2048K), 2 survivors (2048K)
 Metaspace       used 20809K, capacity 21191K, committed 21296K, reserved 1069056K
  class space    used 2533K, capacity 2686K, committed 2688K, reserved 1048576K
}
Event: 5.414 GC heap before
{Heap before GC invocations=4 (full 0):
 garbage-first heap   total 129024K, used 77684K [0x0000000080000000, 0x0000000100000000)
  region size 1024K, 61 young (62464K), 2 survivors (2048K)
 Metaspace       used 26912K, capacity 27536K, committed 27696K, reserved 1073152K
  class space    used 3484K, capacity 3705K, committed 3712K, reserved 1048576K
}
Event: 5.419 GC heap after
{Heap after GC invocations=5 (full 0):
 garbage-first heap   total 129024K, used 18871K [0x0000000080000000, 0x0000000100000000)
  region size 1024K, 4 young (4096K), 4 survivors (4096K)
 Metaspace       used 26912K, capacity 27536K, committed 27696K, reserved 1073152K
  class space    used 3484K, capacity 3705K, committed 3712K, reserved 1048576K
}
Event: 6.890 GC heap before
{Heap before GC invocations=5 (full 0):
 garbage-first heap   total 129024K, used 76215K [0x0000000080000000, 0x0000000100000000)
  region size 1024K, 61 young (62464K), 4 survivors (4096K)
 Metaspace       used 34993K, capacity 35746K, committed 35920K, reserved 1081344K
  class space    used 4493K, capacity 4784K, committed 4864K, reserved 1048576K
}
Event: 6.900 GC heap after
{Heap after GC invocations=6 (full 0):
 garbage-first heap   total 129024K, used 21983K [0x0000000080000000, 0x0000000100000000)
  region size 1024K, 7 young (7168K), 7 survivors (7168K)
 Metaspace       used 34993K, capacity 35746K, committed 35920K, reserved 1081344K
  class space    used 4493K, capacity 4784K, committed 4864K, reserved 1048576K
}
Event: 7.685 GC heap before
{Heap before GC invocations=7 (full 0):
 garbage-first heap   total 129024K, used 90591K [0x0000000080000000, 0x0000000100000000)
  region size 1024K, 72 young (73728K), 7 survivors (7168K)
 Metaspace       used 40318K, capacity 41299K, committed 41424K, reserved 1085440K
  class space    used 5087K, capacity 5414K, committed 5504K, reserved 1048576K
}
Event: 7.695 GC heap after
{Heap after GC invocations=8 (full 0):
 garbage-first heap   total 129024K, used 27665K [0x0000000080000000, 0x0000000100000000)
  region size 1024K, 9 young (9216K), 9 survivors (9216K)
 Metaspace       used 40318K, capacity 41299K, committed 41424K, reserved 1085440K
  class space    used 5087K, capacity 5414K, committed 5504K, reserved 1048576K
}
Event: 8.637 GC heap before
{Heap before GC invocations=8 (full 0):
 garbage-first heap   total 129024K, used 93201K [0x0000000080000000, 0x0000000100000000)
  region size 1024K, 72 young (73728K), 9 survivors (9216K)
 Metaspace       used 45557K, capacity 46650K, committed 46800K, reserved 1089536K
  class space    used 5774K, capacity 6209K, committed 6272K, reserved 1048576K
}
Event: 8.645 GC heap after
{Heap after GC invocations=9 (full 0):
 garbage-first heap   total 129024K, used 30892K [0x0000000080000000, 0x0000000100000000)
  region size 1024K, 4 young (4096K), 4 survivors (4096K)
 Metaspace       used 45557K, capacity 46650K, committed 46800K, reserved 1089536K
  class space    used 5774K, capacity 6209K, committed 6272K, reserved 1048576K
}

